INFO: 19/07/2020 17:07:51 Logging stats...
INFO: 19/07/2020 18:14:33 Logging stats...
INFO: 19/07/2020 18:15:07 Logging stats...
INFO: 19/07/2020 18:15:49 Logging stats...
INFO: 19/07/2020 18:15:49 User Monoli Miner requested page /index
INFO: 19/07/2020 18:15:58 /contracts generated in: 8.978208303451538
INFO: 19/07/2020 18:16:03 User Monoli Miner requested page /contracts
INFO: 19/07/2020 18:16:03 /contracts generated in: 0.006222963333129883
INFO: 19/07/2020 18:16:28 Logging stats...
INFO: 19/07/2020 18:20:46 Logging stats...
INFO: 19/07/2020 18:55:22 Logging stats...
INFO: 19/07/2020 18:55:44 Logging stats...
INFO: 19/07/2020 18:56:22 Logging stats...
INFO: 19/07/2020 18:56:38 Logging stats...
INFO: 19/07/2020 19:24:29 Logging stats...
INFO: 19/07/2020 19:24:36 User Monoli Miner requested page /index
INFO: 19/07/2020 19:24:43 /contracts generated in: 6.964183568954468
INFO: 19/07/2020 19:25:10 User Monoli Miner requested page /contracts
INFO: 19/07/2020 19:25:10 /contracts generated in: 0.00782012939453125
INFO: 19/07/2020 19:26:02 Logging stats...
INFO: 19/07/2020 19:26:05 User Monoli Miner requested page /contracts
INFO: 19/07/2020 19:26:05 /contracts generated in: 0.005091428756713867
INFO: 19/07/2020 19:27:23 Logging stats...
INFO: 19/07/2020 19:27:44 Logging stats...
INFO: 19/07/2020 19:27:47 User Monoli Miner requested page /contracts
INFO: 19/07/2020 19:27:47 /contracts generated in: 0.005194425582885742
INFO: 19/07/2020 19:28:19 Logging stats...
INFO: 19/07/2020 19:28:22 User Monoli Miner requested page /contracts
INFO: 19/07/2020 19:28:22 /contracts generated in: 0.004911899566650391
INFO: 19/07/2020 19:43:53 User Monoli Miner requested page /contracts
INFO: 19/07/2020 19:43:53 /contracts generated in: 22.078943252563477
INFO: 19/07/2020 19:44:00 Logging stats...
INFO: 19/07/2020 19:44:05 User Monoli Miner requested page /contracts
INFO: 19/07/2020 19:44:05 /contracts generated in: 0.0070722103118896484
INFO: 19/07/2020 19:57:07 Logging stats...
INFO: 19/07/2020 19:57:13 User Monoli Miner requested page /contracts
INFO: 19/07/2020 19:57:13 /contracts generated in: 0.006305217742919922
INFO: 19/07/2020 20:01:51 Logging stats...
INFO: 19/07/2020 20:02:08 User Monoli Miner requested page /contracts
INFO: 19/07/2020 20:02:08 /contracts generated in: 0.004414081573486328
INFO: 19/07/2020 20:03:20 Logging stats...
INFO: 19/07/2020 20:03:27 User Monoli Miner requested page /contracts
INFO: 19/07/2020 20:03:27 /contracts generated in: 0.005990028381347656
INFO: 19/07/2020 20:14:06 Logging stats...
INFO: 19/07/2020 20:14:09 User Monoli Miner requested page /contracts
INFO: 19/07/2020 20:14:09 /contracts generated in: 0.005355119705200195
INFO: 19/07/2020 20:23:59 Logging stats...
INFO: 19/07/2020 20:24:01 User Monoli Miner requested page /contracts
INFO: 19/07/2020 20:24:01 /contracts generated in: 0.0064656734466552734
INFO: 19/07/2020 20:25:03 User Monoli Miner requested page /index
INFO: 19/07/2020 20:25:04 /contracts generated in: 1.5400090217590332
INFO: 19/07/2020 20:28:41 Logging stats...
INFO: 19/07/2020 20:29:35 Logging stats...
INFO: 19/07/2020 20:29:35 User Monoli Miner requested page /index
INFO: 19/07/2020 20:29:40 /contracts generated in: 5.4164745807647705
INFO: 19/07/2020 20:32:28 Logging stats...
INFO: 19/07/2020 20:32:31 User Monoli Miner requested page /index
INFO: 19/07/2020 20:32:39 /contracts generated in: 7.837777853012085
INFO: 19/07/2020 20:43:12 Logging stats...
INFO: 19/07/2020 20:44:18 Logging stats...
INFO: 19/07/2020 20:44:21 User Monoli Miner requested page /index
INFO: 19/07/2020 20:44:28 /contracts generated in: 6.759799480438232
INFO: 19/07/2020 20:46:17 Logging stats...
INFO: 19/07/2020 20:54:43 User Monoli Miner requested page /index
INFO: 19/07/2020 20:54:52 Logging stats...
INFO: 19/07/2020 20:54:53 User Monoli Miner requested page /index
INFO: 19/07/2020 20:54:59 User Monoli Miner requested page /index
INFO: 19/07/2020 20:55:02 /contracts generated in: 8.405970335006714
INFO: 19/07/2020 20:55:03 /contracts generated in: 4.528622627258301
INFO: 19/07/2020 20:57:11 Logging stats...
INFO: 19/07/2020 20:57:17 Logging stats...
INFO: 19/07/2020 20:57:38 User Monoli Miner requested page /index
INFO: 19/07/2020 20:57:43 /contracts generated in: 5.197606563568115
INFO: 19/07/2020 21:10:06 Logging stats...
INFO: 19/07/2020 21:10:20 Logging stats...
INFO: 19/07/2020 21:10:26 User Monoli Miner requested page /calendar
INFO: 19/07/2020 21:10:31 /calendar generated in: 5.669933080673218
INFO: 19/07/2020 21:13:54 User Monoli Miner requested page /calendar
INFO: 19/07/2020 21:13:56 /calendar generated in: 2.401798963546753
INFO: 19/07/2020 21:17:19 Logging stats...
INFO: 19/07/2020 21:20:11 Logging stats...
INFO: 19/07/2020 21:20:13 User Monoli Miner requested page /calendar
INFO: 19/07/2020 21:20:19 /calendar generated in: 5.668349027633667
INFO: 19/07/2020 21:20:35 User Monoli Miner requested page /index
INFO: 19/07/2020 21:20:42 /contracts generated in: 6.457510471343994
INFO: 19/07/2020 21:24:04 User Monoli Miner requested page /index
INFO: 19/07/2020 21:24:08 /contracts generated in: 4.698923587799072
INFO: 19/07/2020 21:25:44 User Monoli Miner requested page /contracts
INFO: 19/07/2020 21:25:44 /contracts generated in: 0.0062084197998046875
INFO: 19/07/2020 21:27:15 User Monoli Miner requested page /index
INFO: 19/07/2020 21:27:17 /contracts generated in: 2.0904555320739746
INFO: 19/07/2020 21:28:52 Logging stats...
INFO: 19/07/2020 21:29:55 User Monoli Rotineque requested page /index
INFO: 19/07/2020 21:29:58 /contracts generated in: 2.99940824508667
INFO: 19/07/2020 21:43:27 Logging stats...
INFO: 19/07/2020 21:43:35 User Monoli Rotineque requested page /index
INFO: 19/07/2020 21:43:38 /contracts generated in: 3.2710397243499756
INFO: 19/07/2020 21:43:51 User Monoli Rotineque requested page /index
INFO: 19/07/2020 21:43:52 /contracts generated in: 0.6182117462158203
INFO: 19/07/2020 21:46:24 Logging stats...
INFO: 19/07/2020 21:46:27 User Monoli Rotineque requested page /index
INFO: 19/07/2020 21:46:31 /contracts generated in: 3.35813570022583
INFO: 19/07/2020 21:47:44 User Monoli Rotineque requested page /index
INFO: 19/07/2020 21:47:45 /contracts generated in: 0.761263370513916
INFO: 19/07/2020 21:48:46 User Monoli Rotineque requested page /index
INFO: 19/07/2020 21:48:47 /contracts generated in: 0.7845067977905273
INFO: 19/07/2020 21:51:30 User Monoli Rotineque requested page /index
INFO: 19/07/2020 21:51:31 /contracts generated in: 0.963947057723999
INFO: 19/07/2020 21:53:29 User Monoli Rotineque requested page /index
INFO: 19/07/2020 21:53:29 /contracts generated in: 0.9259393215179443
INFO: 19/07/2020 21:53:32 User Monoli Rotineque requested page /index
INFO: 19/07/2020 21:53:32 /contracts generated in: 0.5858480930328369
INFO: 19/07/2020 21:55:01 User Monoli Rotineque requested page /index
INFO: 19/07/2020 21:55:02 /contracts generated in: 0.9145066738128662
INFO: 19/07/2020 21:55:06 User Monoli Rotineque requested page /index
INFO: 19/07/2020 21:55:06 /contracts generated in: 0.603630542755127
INFO: 19/07/2020 21:55:08 User Monoli Rotineque requested page /contracts
INFO: 19/07/2020 21:55:08 /contracts generated in: 0.0046083927154541016
INFO: 19/07/2020 21:55:37 User Monoli Rotineque requested page /index
INFO: 19/07/2020 21:55:37 /contracts generated in: 0.5880603790283203
INFO: 20/07/2020 05:48:25 Logging stats...
INFO: 20/07/2020 05:50:20 Logging stats...
INFO: 20/07/2020 05:50:30 User Monoli Rotineque requested page /index
INFO: 20/07/2020 05:50:33 /contracts generated in: 3.2510483264923096
INFO: 20/07/2020 05:51:06 User Monoli Rotineque requested page /index
INFO: 20/07/2020 05:51:07 /contracts generated in: 0.6457793712615967
INFO: 20/07/2020 05:51:35 User Monoli Miner requested page /index
INFO: 20/07/2020 05:51:36 /contracts generated in: 0.9281959533691406
INFO: 20/07/2020 06:08:42 User Monoli Miner requested page /index
INFO: 20/07/2020 06:08:43 /contracts generated in: 1.1501736640930176
INFO: 20/07/2020 06:08:51 User Monoli Rotineque requested page /index
INFO: 20/07/2020 06:08:52 /contracts generated in: 0.6895177364349365
INFO: 20/07/2020 06:09:10 User Monoli Miner requested page /index
INFO: 20/07/2020 06:09:11 /contracts generated in: 0.7490744590759277
INFO: 20/07/2020 06:09:38 User Monoli Rotineque requested page /index
INFO: 20/07/2020 06:09:38 /contracts generated in: 0.7423157691955566
INFO: 20/07/2020 06:11:50 User Monoli Rotineque requested page /contracts
INFO: 20/07/2020 06:11:50 /contracts generated in: 0.004919767379760742
INFO: 20/07/2020 06:18:00 Logging stats...
INFO: 20/07/2020 06:18:43 User Monoli Rotineque requested page /market
INFO: 20/07/2020 06:18:43 /market generated in: 0.005010843276977539
INFO: 20/07/2020 06:31:45 Logging stats...
INFO: 20/07/2020 06:33:32 Logging stats...
INFO: 20/07/2020 06:35:17 Logging stats...
INFO: 20/07/2020 06:35:38 Logging stats...
INFO: 20/07/2020 06:38:18 User Monoli Rotineque requested page /market
INFO: 20/07/2020 06:38:18 /market generated in: 0.005832195281982422
INFO: 20/07/2020 06:54:27 Logging stats...
INFO: 20/07/2020 06:57:44 User Monoli Rotineque requested page /market
INFO: 20/07/2020 06:57:44 /market generated in: 0.004647016525268555
INFO: 20/07/2020 07:02:13 Logging stats...
INFO: 20/07/2020 07:12:21 Logging stats...
INFO: 20/07/2020 07:12:31 User Monoli Rotineque requested page /market
INFO: 20/07/2020 07:12:31 /market generated in: 0.007786989212036133
INFO: 20/07/2020 07:20:06 Logging stats...
INFO: 20/07/2020 07:20:25 User Monoli Rotineque requested page /market
INFO: 20/07/2020 07:20:25 /market generated in: 0.006646394729614258
INFO: 20/07/2020 07:20:46 User Monoli Rotineque requested page /index
INFO: 20/07/2020 07:20:48 /contracts generated in: 2.3852198123931885
INFO: 20/07/2020 07:20:50 User Monoli Miner requested page /index
INFO: 20/07/2020 07:20:51 /contracts generated in: 0.9596970081329346
INFO: 20/07/2020 07:20:53 User Monoli Miner requested page /market
INFO: 20/07/2020 07:20:53 /market generated in: 0.005337715148925781
INFO: 20/07/2020 07:20:57 User Monoli Miner requested page /index
INFO: 20/07/2020 07:20:58 /contracts generated in: 0.7306652069091797
INFO: 20/07/2020 07:28:07 Logging stats...
INFO: 20/07/2020 07:28:22 User Monoli Miner requested page /index
INFO: 20/07/2020 07:28:25 /contracts generated in: 3.404935121536255
INFO: 20/07/2020 07:29:03 User Monoli Miner requested page /market
INFO: 20/07/2020 07:29:03 /market generated in: 0.008913755416870117
INFO: 20/07/2020 07:29:06 User Monoli Miner requested page /contracts
INFO: 20/07/2020 07:29:06 /contracts generated in: 0.004394054412841797
INFO: 20/07/2020 07:50:49 Logging stats...
INFO: 20/07/2020 07:51:50 Logging stats...
INFO: 20/07/2020 07:52:23 Logging stats...
INFO: 20/07/2020 07:54:40 Logging stats...
INFO: 20/07/2020 07:56:25 Logging stats...
INFO: 20/07/2020 07:57:05 Logging stats...
INFO: 20/07/2020 07:59:02 Logging stats...
INFO: 20/07/2020 07:59:46 Logging stats...
INFO: 20/07/2020 08:00:15 Logging stats...
INFO: 20/07/2020 08:00:35 Logging stats...
INFO: 20/07/2020 08:11:57 Logging stats...
INFO: 20/07/2020 08:12:35 Logging stats...
INFO: 20/07/2020 08:13:25 Logging stats...
INFO: 20/07/2020 08:13:54 User Monoli Miner requested page /contracts
INFO: 20/07/2020 08:13:54 /contracts generated in: 0.005400180816650391
INFO: 20/07/2020 08:15:56 Logging stats...
INFO: 20/07/2020 08:16:12 User Monoli Miner requested page /contracts
INFO: 20/07/2020 08:16:12 /contracts generated in: 0.00464940071105957
INFO: 20/07/2020 08:16:18 User Monoli Miner requested page /contracts
INFO: 20/07/2020 08:16:18 /contracts generated in: 0.13285255432128906
INFO: 20/07/2020 08:24:13 Logging stats...
INFO: 20/07/2020 08:24:22 User Monoli Miner requested page /contracts
INFO: 20/07/2020 08:24:22 /contracts generated in: 0.0050280094146728516
INFO: 20/07/2020 08:24:51 User Monoli Miner requested page /market
INFO: 20/07/2020 08:24:51 /market generated in: 0.004462718963623047
INFO: 20/07/2020 08:25:23 User Monoli Rotineque requested page /index
INFO: 20/07/2020 08:25:23 /contracts generated in: 0.8094642162322998
INFO: 20/07/2020 08:25:29 User Monoli Majer requested page /index
INFO: 20/07/2020 08:25:30 /contracts generated in: 1.0507276058197021
INFO: 20/07/2020 08:25:33 User Monoli Miner requested page /index
INFO: 20/07/2020 08:25:34 /contracts generated in: 0.8508937358856201
INFO: 20/07/2020 08:25:37 User Monoli Rotineque requested page /index
INFO: 20/07/2020 08:25:38 /contracts generated in: 0.6188755035400391
INFO: 20/07/2020 08:25:40 User Monoli Miner requested page /index
INFO: 20/07/2020 08:25:41 /contracts generated in: 0.8040125370025635
INFO: 20/07/2020 08:25:43 User Monoli Majer requested page /index
INFO: 20/07/2020 08:25:44 /contracts generated in: 0.8514575958251953
INFO: 20/07/2020 08:29:48 User Monoli Miner requested page /index
INFO: 20/07/2020 08:29:49 /contracts generated in: 1.0837390422821045
INFO: 20/07/2020 08:29:53 User Monoli Rotineque requested page /index
INFO: 20/07/2020 08:29:54 /contracts generated in: 0.6182212829589844
INFO: 20/07/2020 08:29:59 User Monoli Majer requested page /index
INFO: 20/07/2020 08:30:00 /contracts generated in: 0.6957225799560547
INFO: 20/07/2020 08:30:04 User Monoli Miner requested page /index
INFO: 20/07/2020 08:30:04 /contracts generated in: 0.7111241817474365
INFO: 20/07/2020 08:30:21 User Monoli Majer requested page /index
INFO: 20/07/2020 08:30:21 /contracts generated in: 0.7179396152496338
INFO: 20/07/2020 08:30:24 User Monoli Miner requested page /index
INFO: 20/07/2020 08:30:24 /contracts generated in: 0.6977343559265137
INFO: 20/07/2020 08:37:06 User Monoli Majer requested page /index
INFO: 20/07/2020 08:37:07 /contracts generated in: 1.0501017570495605
INFO: 20/07/2020 08:37:13 User Monoli Miner requested page /index
INFO: 20/07/2020 08:37:14 /contracts generated in: 0.8667323589324951
INFO: 20/07/2020 08:37:16 User Monoli Rotineque requested page /index
INFO: 20/07/2020 08:37:17 /contracts generated in: 0.7200384140014648
INFO: 20/07/2020 08:37:21 User Monoli Miner requested page /index
INFO: 20/07/2020 08:37:22 /contracts generated in: 0.7593004703521729
INFO: 20/07/2020 08:37:24 User Monoli Majer requested page /index
INFO: 20/07/2020 08:37:25 /contracts generated in: 0.7814507484436035
INFO: 20/07/2020 08:50:29 User Monoli Rotineque requested page /index
INFO: 20/07/2020 08:50:30 /contracts generated in: 0.8973643779754639
INFO: 20/07/2020 08:50:33 User Monoli Miner requested page /index
INFO: 20/07/2020 08:50:33 /contracts generated in: 0.8839282989501953
INFO: 20/07/2020 08:50:36 User Monoli Majer requested page /index
INFO: 20/07/2020 08:50:37 /contracts generated in: 0.9022977352142334
INFO: 20/07/2020 08:50:40 User Monoli Rotineque requested page /index
INFO: 20/07/2020 08:50:40 /contracts generated in: 0.6164510250091553
INFO: 20/07/2020 08:53:14 User Monoli Majer requested page /index
INFO: 20/07/2020 08:53:15 /contracts generated in: 0.9550318717956543
INFO: 20/07/2020 08:53:18 User Monoli Miner requested page /index
INFO: 20/07/2020 08:53:18 /contracts generated in: 0.8270726203918457
INFO: 20/07/2020 08:53:21 User Monoli Rotineque requested page /index
INFO: 20/07/2020 08:53:22 /contracts generated in: 0.6043603420257568
INFO: 20/07/2020 10:08:20 Logging stats...
INFO: 20/07/2020 10:08:52 User Monoli Rotineque requested page /contracts
INFO: 20/07/2020 10:08:52 /contracts generated in: 0.0055429935455322266
INFO: 20/07/2020 10:10:00 User Monoli Rotineque requested page /market
INFO: 20/07/2020 10:10:00 /market generated in: 0.0048427581787109375
INFO: 20/07/2020 10:10:07 User Monoli Rotineque requested page /index
INFO: 20/07/2020 10:10:08 /contracts generated in: 1.0192923545837402
INFO: 20/07/2020 10:10:18 User Monoli Miner requested page /index
INFO: 20/07/2020 10:10:19 /contracts generated in: 0.9279754161834717
INFO: 20/07/2020 10:10:22 User Monoli Miner requested page /market
INFO: 20/07/2020 10:10:22 /market generated in: 0.005783796310424805
INFO: 20/07/2020 10:10:33 User Monoli Miner requested page /market
INFO: 20/07/2020 10:10:33 /market generated in: 0.005606412887573242
INFO: 20/07/2020 12:35:33 User Monoli Miner requested page /index
INFO: 20/07/2020 12:35:34 /contracts generated in: 1.113739252090454
INFO: 20/07/2020 12:35:47 User Monoli Miner requested page /index
INFO: 20/07/2020 12:35:48 /contracts generated in: 0.7183961868286133
INFO: 20/07/2020 12:35:52 User Monoli Miner requested page /market
INFO: 20/07/2020 12:35:52 /market generated in: 0.0051326751708984375
INFO: 20/07/2020 12:35:57 User Monoli Rotineque requested page /index
INFO: 20/07/2020 12:35:58 /contracts generated in: 0.7085621356964111
INFO: 20/07/2020 12:36:04 User Monoli Rotineque requested page /market
INFO: 20/07/2020 12:36:04 /market generated in: 0.0052411556243896484
INFO: 20/07/2020 12:36:09 User Monoli Rotineque requested page /index
INFO: 20/07/2020 12:36:10 /contracts generated in: 0.6375858783721924
INFO: 20/07/2020 12:36:36 User Monoli Majer requested page /index
INFO: 20/07/2020 12:36:37 /contracts generated in: 0.8452110290527344
INFO: 20/07/2020 12:36:54 User Monoli Rotineque requested page /index
INFO: 20/07/2020 12:36:55 /contracts generated in: 0.8749701976776123
INFO: 20/07/2020 12:36:59 User Monoli Miner requested page /index
INFO: 20/07/2020 12:36:59 /contracts generated in: 0.684075117111206
INFO: 20/07/2020 12:37:04 User Monoli Majer requested page /index
INFO: 20/07/2020 12:37:05 /contracts generated in: 0.6916854381561279
INFO: 20/07/2020 12:37:08 User Monoli Miner requested page /index
INFO: 20/07/2020 12:37:08 /contracts generated in: 0.7965614795684814
INFO: 20/07/2020 12:37:10 User Monoli Rotineque requested page /index
INFO: 20/07/2020 12:37:11 /contracts generated in: 0.5565576553344727
INFO: 20/07/2020 12:37:25 User Monoli Rotineque requested page /contracts
INFO: 20/07/2020 12:37:25 /contracts generated in: 0.0048830509185791016
INFO: 20/07/2020 13:14:12 User Monoli Rotineque requested page /contracts
INFO: 20/07/2020 13:14:12 /contracts generated in: 0.00542140007019043
INFO: 20/07/2020 13:14:22 User Monoli Majer requested page /index
INFO: 20/07/2020 13:14:23 /contracts generated in: 0.9510746002197266
INFO: 20/07/2020 13:14:26 User Monoli Miner requested page /index
INFO: 20/07/2020 13:14:27 /contracts generated in: 1.0558125972747803
INFO: 20/07/2020 13:22:44 User Monoli Rotineque requested page /index
INFO: 20/07/2020 13:22:45 /contracts generated in: 0.9815471172332764
INFO: 20/07/2020 13:35:56 Logging stats...
INFO: 20/07/2020 13:36:12 User Monoli Rotineque requested page /index
INFO: 20/07/2020 13:36:16 /contracts generated in: 3.3691039085388184
INFO: 20/07/2020 13:36:27 User Monoli Rotineque requested page /market
INFO: 20/07/2020 13:36:27 /market generated in: 0.00592494010925293
INFO: 20/07/2020 13:36:32 User Monoli Miner requested page /market
INFO: 20/07/2020 13:36:32 /market generated in: 0.0051190853118896484
INFO: 20/07/2020 13:36:35 User Monoli Majer requested page /market
INFO: 20/07/2020 13:36:35 /market generated in: 0.006680011749267578
INFO: 20/07/2020 13:36:41 User Monoli Rotineque requested page /market
INFO: 20/07/2020 13:36:41 /market generated in: 0.006296396255493164
INFO: 20/07/2020 13:36:47 User Monoli Rotineque requested page /contracts
INFO: 20/07/2020 13:36:47 /contracts generated in: 0.005566596984863281
INFO: 20/07/2020 13:36:49 User Monoli Majer requested page /contracts
INFO: 20/07/2020 13:36:49 /contracts generated in: 0.00603938102722168
INFO: 20/07/2020 13:36:51 User Monoli Miner requested page /contracts
INFO: 20/07/2020 13:36:51 /contracts generated in: 0.0050771236419677734
INFO: 20/07/2020 13:36:54 User Monoli Rotineque requested page /contracts
INFO: 20/07/2020 13:36:54 /contracts generated in: 0.005027055740356445
INFO: 20/07/2020 13:36:57 User Monoli Majer requested page /contracts
INFO: 20/07/2020 13:36:57 /contracts generated in: 0.006443977355957031
INFO: 20/07/2020 13:37:02 User Monoli Miner requested page /contracts
INFO: 20/07/2020 13:37:02 /contracts generated in: 0.00836801528930664
INFO: 20/07/2020 13:37:05 User Monoli Rotineque requested page /contracts
INFO: 20/07/2020 13:37:05 /contracts generated in: 0.00491023063659668
INFO: 20/07/2020 13:37:39 User Monoli Miner requested page /contracts
INFO: 20/07/2020 13:37:39 /contracts generated in: 0.005400180816650391
INFO: 20/07/2020 13:37:41 User Monoli Majer requested page /contracts
INFO: 20/07/2020 13:37:41 /contracts generated in: 0.0061261653900146484
INFO: 20/07/2020 13:37:45 User Monoli Majer requested page /index
INFO: 20/07/2020 13:37:46 /contracts generated in: 0.9496116638183594
INFO: 20/07/2020 13:37:48 User Monoli Rotineque requested page /index
INFO: 20/07/2020 13:37:48 /contracts generated in: 0.5648550987243652
INFO: 20/07/2020 13:37:51 User Monoli Miner requested page /index
INFO: 20/07/2020 13:37:51 /contracts generated in: 0.8578343391418457
INFO: 20/07/2020 13:37:54 User Monoli Majer requested page /index
INFO: 20/07/2020 13:37:54 /contracts generated in: 0.6851496696472168
INFO: 20/07/2020 13:38:14 User Monoli Miner requested page /index
INFO: 20/07/2020 13:38:15 /contracts generated in: 0.8082067966461182
INFO: 20/07/2020 13:38:19 User Monoli Rotineque requested page /index
INFO: 20/07/2020 13:38:20 /contracts generated in: 0.7517619132995605
INFO: 20/07/2020 13:45:03 User Monoli Rotineque requested page /index
INFO: 20/07/2020 13:45:04 /contracts generated in: 0.8471570014953613
INFO: 20/07/2020 13:46:04 User Monoli Rotineque requested page /contracts
INFO: 20/07/2020 13:46:04 /contracts generated in: 0.005742073059082031
INFO: 20/07/2020 13:46:57 User Monoli Rotineque requested page /index
INFO: 20/07/2020 13:46:58 /contracts generated in: 0.8162205219268799
INFO: 20/07/2020 13:47:04 User Monoli Krusis requested page /index
INFO: 20/07/2020 13:47:04 /contracts generated in: 0.15158987045288086
INFO: 20/07/2020 13:47:08 User Monoli Krusis requested page /index
INFO: 20/07/2020 13:47:08 /contracts generated in: 0.006943464279174805
INFO: 20/07/2020 13:53:42 User Monoli Rotineque requested page /index
INFO: 20/07/2020 13:53:43 /contracts generated in: 0.8195469379425049
INFO: 20/07/2020 14:10:32 User Monoli Rotineque requested page /index
INFO: 20/07/2020 14:10:33 /contracts generated in: 1.00785231590271
INFO: 20/07/2020 14:10:39 User Monoli Rotineque requested page /market
INFO: 20/07/2020 14:10:39 /market generated in: 0.005743265151977539
INFO: 20/07/2020 14:11:16 User Monoli Rotineque requested page /contracts
INFO: 20/07/2020 14:11:16 /contracts generated in: 0.005646705627441406
INFO: 20/07/2020 18:09:10 User Monoli Rotineque requested page /contracts
INFO: 20/07/2020 18:09:10 /contracts generated in: 0.005822658538818359
INFO: 20/07/2020 18:09:43 User Monoli Rotineque requested page /contracts
INFO: 20/07/2020 18:09:43 /contracts generated in: 0.004782676696777344
INFO: 20/07/2020 18:09:59 User Monoli Rotineque requested page /contracts
INFO: 20/07/2020 18:09:59 /contracts generated in: 0.005288600921630859
INFO: 20/07/2020 18:10:02 User Monoli Majer requested page /contracts
INFO: 20/07/2020 18:10:02 /contracts generated in: 0.0052912235260009766
INFO: 20/07/2020 18:10:05 User Monoli Miner requested page /contracts
INFO: 20/07/2020 18:10:05 /contracts generated in: 0.004717350006103516
INFO: 20/07/2020 18:10:07 User Monoli Rotineque requested page /contracts
INFO: 20/07/2020 18:10:07 /contracts generated in: 0.011478900909423828
INFO: 20/07/2020 18:10:09 User Monoli Rotineque requested page /market
INFO: 20/07/2020 18:10:09 /market generated in: 0.00536036491394043
INFO: 20/07/2020 18:10:11 User Monoli Miner requested page /market
INFO: 20/07/2020 18:10:11 /market generated in: 0.0045239925384521484
INFO: 20/07/2020 18:12:06 User Monoli Majer requested page /market
INFO: 20/07/2020 18:12:06 /market generated in: 0.004729032516479492
INFO: 20/07/2020 18:12:07 User Monoli Majer requested page /index
INFO: 20/07/2020 18:12:08 /contracts generated in: 1.3974273204803467
INFO: 20/07/2020 18:12:16 User Monoli Majer requested page /index
INFO: 20/07/2020 18:12:17 /contracts generated in: 0.7633416652679443
INFO: 20/07/2020 18:13:27 User Monoli Majer requested page /index
INFO: 20/07/2020 18:13:28 /contracts generated in: 1.083214282989502
INFO: 20/07/2020 18:16:42 User Monoli Majer requested page /calendar
INFO: 20/07/2020 18:16:43 /calendar generated in: 0.34848546981811523
INFO: 20/07/2020 18:16:46 User Monoli Majer requested page /contracts
INFO: 20/07/2020 18:16:46 /contracts generated in: 0.005125999450683594
INFO: 20/07/2020 18:16:49 User Monoli Majer requested page /market
INFO: 20/07/2020 18:16:49 /market generated in: 0.005124092102050781
INFO: 20/07/2020 18:16:52 User Monoli Majer requested page /calendar
INFO: 20/07/2020 18:16:52 /calendar generated in: 0.13128376007080078
INFO: 20/07/2020 18:16:54 User Monoli Majer requested page /index
INFO: 20/07/2020 18:16:55 /contracts generated in: 0.8628139495849609
INFO: 20/07/2020 18:17:34 User Monoli Majer requested page /calendar
INFO: 20/07/2020 18:17:34 /calendar generated in: 0.12284183502197266
INFO: 20/07/2020 18:17:36 User Monoli Majer requested page /index
INFO: 20/07/2020 18:17:37 /contracts generated in: 0.7169628143310547
INFO: 20/07/2020 18:23:20 User Monoli Majer requested page /calendar
INFO: 20/07/2020 18:23:20 /calendar generated in: 0.3763449192047119
INFO: 20/07/2020 18:23:25 User Monoli Majer requested page /contracts
INFO: 20/07/2020 18:23:25 /contracts generated in: 0.004639148712158203
INFO: 20/07/2020 18:24:22 User Monoli Majer requested page /calendar
INFO: 20/07/2020 18:24:22 /calendar generated in: 0.10648655891418457
INFO: 20/07/2020 18:24:24 User Monoli Majer requested page /contracts
INFO: 20/07/2020 18:24:24 /contracts generated in: 0.009313344955444336
INFO: 20/07/2020 18:24:59 User Monoli Majer requested page /contracts
INFO: 20/07/2020 18:24:59 /contracts generated in: 0.0048601627349853516
INFO: 20/07/2020 18:24:59 User Monoli Majer requested page /calendar
INFO: 20/07/2020 18:25:00 /calendar generated in: 0.13714241981506348
INFO: 20/07/2020 18:28:18 User Monoli Majer requested page /calendar
INFO: 20/07/2020 18:28:18 /calendar generated in: 0.36873459815979004
INFO: 20/07/2020 18:28:19 User Monoli Majer requested page /calendar
INFO: 20/07/2020 18:28:19 /calendar generated in: 0.005569934844970703
INFO: 20/07/2020 18:28:20 User Monoli Majer requested page /contracts
INFO: 20/07/2020 18:28:20 /contracts generated in: 0.004865169525146484
INFO: 20/07/2020 18:28:23 User Monoli Majer requested page /calendar
INFO: 20/07/2020 18:28:23 /calendar generated in: 0.11981916427612305
INFO: 20/07/2020 18:28:29 User Monoli Majer requested page /index
INFO: 20/07/2020 18:28:30 /contracts generated in: 1.1573865413665771
INFO: 20/07/2020 18:28:32 User Monoli Majer requested page /contracts
INFO: 20/07/2020 18:28:32 /contracts generated in: 0.005145072937011719
INFO: 20/07/2020 18:28:49 User Monoli Majer requested page /contracts
INFO: 20/07/2020 18:28:49 /contracts generated in: 0.0050733089447021484
INFO: 20/07/2020 18:28:52 User Monoli Majer requested page /contracts
INFO: 20/07/2020 18:28:52 /contracts generated in: 0.004730939865112305
INFO: 20/07/2020 18:28:55 User Monoli Majer requested page /calendar
INFO: 20/07/2020 18:28:55 /calendar generated in: 0.17798304557800293
INFO: 20/07/2020 18:29:20 User Monoli Majer requested page /calendar
INFO: 20/07/2020 18:29:20 /calendar generated in: 0.13874006271362305
INFO: 20/07/2020 18:29:22 User Monoli Majer requested page /contracts
INFO: 20/07/2020 18:29:22 /contracts generated in: 0.0050199031829833984
INFO: 20/07/2020 18:29:25 User Monoli Majer requested page /index
INFO: 20/07/2020 18:29:26 /contracts generated in: 0.7532565593719482
INFO: 20/07/2020 18:30:40 User Monoli Majer requested page /index
INFO: 20/07/2020 18:30:41 /contracts generated in: 0.9264872074127197
INFO: 20/07/2020 18:31:21 User Monoli Majer requested page /contracts
INFO: 20/07/2020 18:31:21 /contracts generated in: 0.00507664680480957
INFO: 20/07/2020 18:31:39 User Monoli Majer requested page /index
INFO: 20/07/2020 18:31:40 /contracts generated in: 0.7051820755004883
INFO: 20/07/2020 18:31:45 User Monoli Majer requested page /calendar
INFO: 20/07/2020 18:31:45 /calendar generated in: 0.12760329246520996
INFO: 20/07/2020 18:31:48 User Monoli Majer requested page /index
INFO: 20/07/2020 18:31:49 /contracts generated in: 0.7060654163360596
INFO: 20/07/2020 18:32:27 User Monoli Majer requested page /contracts
INFO: 20/07/2020 18:32:27 /contracts generated in: 0.00765681266784668
INFO: 20/07/2020 18:33:06 User Monoli Majer requested page /contracts
INFO: 20/07/2020 18:33:06 /contracts generated in: 0.0049135684967041016
INFO: 20/07/2020 18:33:08 User Monoli Majer requested page /contracts
INFO: 20/07/2020 18:33:08 /contracts generated in: 0.005160808563232422
INFO: 20/07/2020 18:33:15 User Monoli Majer requested page /contracts
INFO: 20/07/2020 18:33:15 /contracts generated in: 0.005106687545776367
INFO: 20/07/2020 18:33:18 User Monoli Majer requested page /index
INFO: 20/07/2020 18:33:18 /contracts generated in: 0.8253638744354248
INFO: 20/07/2020 18:33:20 User Monoli Majer requested page /market
INFO: 20/07/2020 18:33:20 /market generated in: 0.005111217498779297
INFO: 20/07/2020 18:33:23 User Monoli Majer requested page /calendar
INFO: 20/07/2020 18:33:23 /calendar generated in: 0.14784789085388184
INFO: 20/07/2020 18:33:26 User Monoli Majer requested page /index
INFO: 20/07/2020 18:33:27 /contracts generated in: 0.787947416305542
INFO: 20/07/2020 18:33:32 User Monoli Majer requested page /market
INFO: 20/07/2020 18:33:32 /market generated in: 0.004807710647583008
INFO: 20/07/2020 18:34:57 User Monoli Majer requested page /market
INFO: 20/07/2020 18:34:57 /market generated in: 0.0051653385162353516
INFO: 20/07/2020 18:35:13 User Monoli Majer requested page /market
INFO: 20/07/2020 18:35:13 /market generated in: 0.005595684051513672
INFO: 20/07/2020 18:35:29 User Monoli Majer requested page /market
INFO: 20/07/2020 18:35:29 /market generated in: 0.005698204040527344
INFO: 20/07/2020 18:35:51 User Monoli Majer requested page /market
INFO: 20/07/2020 18:35:51 /market generated in: 0.0047452449798583984
INFO: 20/07/2020 18:37:20 User Monoli Majer requested page /market
INFO: 20/07/2020 18:37:20 /market generated in: 0.004712820053100586
INFO: 20/07/2020 18:37:25 User Monoli Majer requested page /calendar
INFO: 20/07/2020 18:37:25 /calendar generated in: 0.1284782886505127
INFO: 20/07/2020 18:37:27 User Monoli Majer requested page /index
INFO: 20/07/2020 18:37:28 /contracts generated in: 0.9071624279022217
INFO: 20/07/2020 18:38:45 User Monoli Majer requested page /index
INFO: 20/07/2020 18:38:46 /contracts generated in: 1.3604698181152344
INFO: 20/07/2020 18:39:08 User Monoli Majer requested page /index
INFO: 20/07/2020 18:39:09 /contracts generated in: 0.6931657791137695
INFO: 20/07/2020 18:39:25 User Monoli Majer requested page /market
INFO: 20/07/2020 18:39:25 /market generated in: 0.005392789840698242
INFO: 20/07/2020 18:39:28 User Monoli Majer requested page /contracts
INFO: 20/07/2020 18:39:28 /contracts generated in: 0.004891872406005859
INFO: 20/07/2020 18:39:31 User Monoli Majer requested page /calendar
INFO: 20/07/2020 18:39:31 /calendar generated in: 0.10947680473327637
INFO: 20/07/2020 18:39:33 User Monoli Majer requested page /index
INFO: 20/07/2020 18:39:34 /contracts generated in: 0.6696205139160156
INFO: 20/07/2020 18:39:43 User Monoli Majer requested page /market
INFO: 20/07/2020 18:39:43 /market generated in: 0.0047016143798828125
INFO: 20/07/2020 18:39:52 User Monoli Rotineque requested page /market
INFO: 20/07/2020 18:39:52 /market generated in: 0.005317211151123047
INFO: 20/07/2020 18:39:55 User Monoli Miner requested page /market
INFO: 20/07/2020 18:39:55 /market generated in: 0.0056536197662353516
INFO: 20/07/2020 18:39:57 User Monoli Majer requested page /market
INFO: 20/07/2020 18:39:57 /market generated in: 0.0059223175048828125
INFO: 20/07/2020 18:39:59 User Monoli Krusis requested page /market
INFO: 20/07/2020 18:39:59 /market generated in: 0.004934787750244141
INFO: 20/07/2020 18:40:03 User Monoli Krusis requested page /market
INFO: 20/07/2020 18:40:03 /market generated in: 0.004628896713256836
INFO: 20/07/2020 18:40:07 User Monoli Majer requested page /market
INFO: 20/07/2020 18:40:07 /market generated in: 0.0048296451568603516
INFO: 20/07/2020 18:40:11 User Monoli Miner requested page /market
INFO: 20/07/2020 18:40:11 /market generated in: 0.004942655563354492
INFO: 20/07/2020 18:40:42 User Monoli Miner requested page /market
INFO: 20/07/2020 18:40:42 /market generated in: 0.004890918731689453
INFO: 20/07/2020 18:40:52 User Monoli Rotineque requested page /market
INFO: 20/07/2020 18:40:52 /market generated in: 0.004828453063964844
INFO: 20/07/2020 18:40:55 User Monoli Majer requested page /market
INFO: 20/07/2020 18:40:55 /market generated in: 0.004693269729614258
INFO: 20/07/2020 18:41:08 User Monoli Krusis requested page /market
INFO: 20/07/2020 18:41:08 /market generated in: 0.004793882369995117
INFO: 20/07/2020 18:41:13 User Monoli Miner requested page /market
INFO: 20/07/2020 18:41:13 /market generated in: 0.004656314849853516
INFO: 20/07/2020 18:41:19 User Monoli Rotineque requested page /market
INFO: 20/07/2020 18:41:19 /market generated in: 0.005263805389404297
INFO: 20/07/2020 18:41:42 User Monoli Rotineque requested page /calendar
INFO: 20/07/2020 18:41:42 /calendar generated in: 0.12333488464355469
INFO: 20/07/2020 18:41:43 User Monoli Rotineque requested page /index
INFO: 20/07/2020 18:41:44 /contracts generated in: 0.7118842601776123
INFO: 20/07/2020 18:42:47 User Monoli Rotineque requested page /contracts
INFO: 20/07/2020 18:42:47 /contracts generated in: 0.00507354736328125
INFO: 20/07/2020 18:42:53 User Monoli Majer requested page /contracts
INFO: 20/07/2020 18:42:53 /contracts generated in: 0.0048177242279052734
INFO: 20/07/2020 18:43:42 User Monoli Majer requested page /index
INFO: 20/07/2020 18:43:43 /contracts generated in: 0.9492857456207275
INFO: 20/07/2020 18:43:47 User Monoli Rotineque requested page /index
INFO: 20/07/2020 18:43:48 /contracts generated in: 0.5382158756256104
INFO: 20/07/2020 18:43:53 User Monoli Krusis requested page /index
INFO: 20/07/2020 18:43:53 /contracts generated in: 0.14012551307678223
INFO: 20/07/2020 18:43:58 User Monoli Majer requested page /index
INFO: 20/07/2020 18:43:58 /contracts generated in: 0.6957995891571045
INFO: 20/07/2020 18:59:10 User Monoli Rotineque requested page /index
INFO: 20/07/2020 18:59:11 /contracts generated in: 0.9992024898529053
INFO: 20/07/2020 19:00:10 User Monoli Rotineque requested page /index
INFO: 20/07/2020 19:00:11 /contracts generated in: 0.6366102695465088
INFO: 20/07/2020 19:00:16 User Monoli Rotineque requested page /index
INFO: 20/07/2020 19:00:17 /contracts generated in: 0.5599370002746582
INFO: 20/07/2020 19:02:14 User Monoli Rotineque requested page /index
INFO: 20/07/2020 19:02:15 /contracts generated in: 0.7912335395812988
INFO: 20/07/2020 19:02:59 User Monoli Rotineque requested page /index
INFO: 20/07/2020 19:03:00 /contracts generated in: 0.5729303359985352
INFO: 20/07/2020 19:03:16 User Monoli Rotineque requested page /market
INFO: 20/07/2020 19:03:16 /market generated in: 0.005921602249145508
INFO: 20/07/2020 19:03:20 User Monoli Rotineque requested page /contracts
INFO: 20/07/2020 19:03:20 /contracts generated in: 0.005168914794921875
INFO: 20/07/2020 19:03:23 User Monoli Rotineque requested page /market
INFO: 20/07/2020 19:03:23 /market generated in: 0.005103588104248047
INFO: 20/07/2020 19:03:35 User Monoli Majer requested page /market
INFO: 20/07/2020 19:03:35 /market generated in: 0.005374431610107422
INFO: 20/07/2020 19:03:39 User Monoli Miner requested page /market
INFO: 20/07/2020 19:03:39 /market generated in: 0.00479435920715332
INFO: 20/07/2020 19:03:42 User Monoli Miner requested page /contracts
INFO: 20/07/2020 19:03:42 /contracts generated in: 0.0053501129150390625
INFO: 20/07/2020 19:03:51 User Monoli Majer requested page /contracts
INFO: 20/07/2020 19:03:51 /contracts generated in: 0.005583047866821289
INFO: 20/07/2020 19:04:13 User Monoli Krusis requested page /contracts
INFO: 20/07/2020 19:04:13 /contracts generated in: 0.006569862365722656
INFO: 20/07/2020 19:04:21 User Monoli Miner requested page /contracts
INFO: 20/07/2020 19:04:21 /contracts generated in: 0.004909038543701172
INFO: 20/07/2020 19:04:38 User Monoli Miner requested page /index
INFO: 20/07/2020 19:04:38 /contracts generated in: 0.8932015895843506
INFO: 20/07/2020 19:04:39 User Monoli Rotineque requested page /index
INFO: 20/07/2020 19:04:40 /contracts generated in: 0.6627540588378906
INFO: 20/07/2020 19:05:32 User Monoli Rotineque requested page /index
INFO: 20/07/2020 19:05:32 /contracts generated in: 0.6021327972412109
INFO: 20/07/2020 19:06:17 User Monoli Rotineque requested page /index
INFO: 20/07/2020 19:06:18 /contracts generated in: 0.608938455581665
INFO: 20/07/2020 19:07:05 User Monoli Rotineque requested page /index
INFO: 20/07/2020 19:07:05 /contracts generated in: 0.6439957618713379
INFO: 20/07/2020 19:07:06 User Monoli Rotineque requested page /market
INFO: 20/07/2020 19:07:06 /market generated in: 0.005496025085449219
INFO: 20/07/2020 19:07:08 User Monoli Rotineque requested page /contracts
INFO: 20/07/2020 19:07:08 /contracts generated in: 0.0058248043060302734
INFO: 20/07/2020 19:07:09 User Monoli Rotineque requested page /calendar
INFO: 20/07/2020 19:07:09 /calendar generated in: 0.00545191764831543
INFO: 20/07/2020 19:07:10 User Monoli Rotineque requested page /calendar
INFO: 20/07/2020 19:07:10 /calendar generated in: 0.005397796630859375
INFO: 20/07/2020 19:07:11 User Monoli Rotineque requested page /index
INFO: 20/07/2020 19:07:11 /contracts generated in: 0.5792274475097656
INFO: 20/07/2020 19:07:52 User Monoli Rotineque requested page /index
INFO: 20/07/2020 19:07:53 /contracts generated in: 0.5989530086517334
INFO: 20/07/2020 19:20:19 User Monoli Miner requested page /index
INFO: 20/07/2020 19:20:20 /contracts generated in: 1.2195141315460205
INFO: 20/07/2020 19:25:05 User Monoli Miner requested page /contracts
INFO: 20/07/2020 19:25:05 /contracts generated in: 0.006399869918823242
INFO: 20/07/2020 19:25:09 User Monoli Miner requested page /index
INFO: 20/07/2020 19:25:10 /contracts generated in: 0.793818473815918
INFO: 20/07/2020 19:42:38 User Monoli Miner requested page /index
INFO: 20/07/2020 19:42:39 /contracts generated in: 1.1411421298980713
INFO: 20/07/2020 19:42:43 User Monoli Miner requested page /contracts
INFO: 20/07/2020 19:42:43 /contracts generated in: 0.005381345748901367
INFO: 20/07/2020 19:42:44 User Monoli Miner requested page /calendar
INFO: 20/07/2020 19:42:45 /calendar generated in: 0.13257265090942383
INFO: 20/07/2020 19:42:46 User Monoli Miner requested page /index
INFO: 20/07/2020 19:42:46 /contracts generated in: 0.7340564727783203
INFO: 20/07/2020 19:42:52 User Monoli Miner requested page /calendar
INFO: 20/07/2020 19:42:52 /calendar generated in: 0.1431584358215332
INFO: 20/07/2020 19:48:39 User Monoli Miner requested page /calendar
INFO: 20/07/2020 19:48:40 /calendar generated in: 0.37245678901672363
INFO: 20/07/2020 19:49:40 Logging stats...
INFO: 20/07/2020 19:51:29 User Monoli Miner requested page /calendar
INFO: 20/07/2020 19:51:32 /calendar generated in: 3.0776896476745605
INFO: 20/07/2020 19:51:35 User Monoli Rotineque requested page /index
INFO: 20/07/2020 19:51:38 /contracts generated in: 2.7579193115234375
INFO: 20/07/2020 19:51:42 User Monoli Rotineque requested page /contracts
INFO: 20/07/2020 19:51:42 /contracts generated in: 0.005364418029785156
INFO: 20/07/2020 19:51:52 User Monoli Rotineque requested page /index
INFO: 20/07/2020 19:51:52 /contracts generated in: 0.6222469806671143
INFO: 20/07/2020 19:52:01 User Monoli Miner requested page /index
INFO: 20/07/2020 19:52:02 /contracts generated in: 0.7976646423339844
INFO: 20/07/2020 19:52:04 User Monoli Majer requested page /index
INFO: 20/07/2020 19:52:05 /contracts generated in: 0.9004762172698975
INFO: 20/07/2020 19:52:12 User Monoli Rotineque requested page /index
INFO: 20/07/2020 19:52:13 /contracts generated in: 0.5747425556182861
INFO: 20/07/2020 19:52:15 User Monoli Miner requested page /index
INFO: 20/07/2020 19:52:16 /contracts generated in: 0.6802942752838135
INFO: 20/07/2020 19:52:21 User Monoli Majer requested page /index
INFO: 20/07/2020 19:52:21 /contracts generated in: 0.7846133708953857
INFO: 20/07/2020 19:52:24 User Monoli Rotineque requested page /index
INFO: 20/07/2020 19:52:24 /contracts generated in: 0.6098816394805908
INFO: 20/07/2020 19:52:29 User Monoli Miner requested page /index
INFO: 20/07/2020 19:52:30 /contracts generated in: 0.7203516960144043
INFO: 20/07/2020 20:46:10 Logging stats...
INFO: 20/07/2020 20:46:15 User Monoli Miner requested page /contracts
INFO: 20/07/2020 20:46:15 /contracts generated in: 0.012433052062988281
INFO: 20/07/2020 20:46:37 User Monoli Rotineque requested page /index
INFO: 20/07/2020 20:46:38 /contracts generated in: 0.9164237976074219
INFO: 20/07/2020 20:46:41 User Tristan Mayweather requested page /index
INFO: 20/07/2020 20:46:42 /contracts generated in: 0.20086121559143066
INFO: 20/07/2020 20:46:48 User Monoli Rotineque requested page /index
INFO: 20/07/2020 20:46:49 /contracts generated in: 0.5836446285247803
INFO: 20/07/2020 20:46:58 User Monoli Miner requested page /index
INFO: 20/07/2020 20:46:59 /contracts generated in: 0.9682700634002686
INFO: 20/07/2020 20:47:01 User Monoli Majer requested page /index
INFO: 20/07/2020 20:47:02 /contracts generated in: 0.8610804080963135
INFO: 20/07/2020 20:47:04 User Monoli Rotineque requested page /index
INFO: 20/07/2020 20:47:05 /contracts generated in: 0.7878191471099854
INFO: 21/07/2020 23:50:04 Logging stats...
INFO: 21/07/2020 23:50:34 Logging stats...
INFO: 21/07/2020 23:54:21 Logging stats...
INFO: 21/07/2020 23:54:39 Logging stats...
INFO: 21/07/2020 23:54:53 Logging stats...
INFO: 22/07/2020 00:04:47 Logging stats...
INFO: 22/07/2020 00:05:32 Logging stats...
INFO: 22/07/2020 00:05:38 Logging stats...
INFO: 22/07/2020 00:08:06 Logging stats...
INFO: 22/07/2020 00:12:58 Logging stats...
INFO: 22/07/2020 00:13:25 Logging stats...
INFO: 22/07/2020 00:13:33 Logging stats...
INFO: 22/07/2020 00:15:51 User Monoli Rotineque requested page /index
INFO: 22/07/2020 00:15:55 User Monoli Miner requested page /index
INFO: 22/07/2020 00:15:55 /contracts generated in: 4.104241132736206
INFO: 22/07/2020 00:15:56 /contracts generated in: 1.589942455291748
INFO: 22/07/2020 00:16:02 User Monoli Krusis requested page /index
INFO: 22/07/2020 00:16:02 /contracts generated in: 0.1984109878540039
INFO: 22/07/2020 10:46:29 Logging stats...
INFO: 22/07/2020 10:46:36 User Monoli Rotineque requested page /index
INFO: 22/07/2020 10:46:40 /contracts generated in: 4.567474842071533
INFO: 22/07/2020 10:50:18 Logging stats...
INFO: 22/07/2020 10:55:08 Logging stats...
INFO: 22/07/2020 10:56:01 Logging stats...
INFO: 22/07/2020 10:58:23 Logging stats...
INFO: 22/07/2020 11:16:43 Logging stats...
INFO: 22/07/2020 11:33:30 Logging stats...
INFO: 22/07/2020 11:34:03 Logging stats...
INFO: 22/07/2020 11:34:30 Logging stats...
INFO: 22/07/2020 11:38:53 Logging stats...
INFO: 22/07/2020 11:41:50 Logging stats...
INFO: 22/07/2020 11:42:36 Logging stats...
INFO: 22/07/2020 11:48:06 Logging stats...
INFO: 22/07/2020 11:51:26 Logging stats...
INFO: 22/07/2020 11:57:19 Logging stats...
INFO: 22/07/2020 11:58:49 Logging stats...
INFO: 22/07/2020 12:00:18 User Monoli Miner requested page /index
INFO: 22/07/2020 12:00:21 /contracts generated in: 3.0895278453826904
INFO: 22/07/2020 12:01:01 Logging stats...
INFO: 22/07/2020 12:01:35 Logging stats...
INFO: 22/07/2020 12:03:50 Logging stats...
INFO: 22/07/2020 12:05:28 Logging stats...
INFO: 22/07/2020 12:06:44 User Monoli Rotineque requested page /index
INFO: 22/07/2020 12:06:47 /contracts generated in: 3.140608787536621
INFO: 22/07/2020 12:06:56 User Monoli Rotineque requested page /index
INFO: 22/07/2020 12:06:57 /contracts generated in: 0.6218130588531494
INFO: 22/07/2020 12:08:47 Logging stats...
INFO: 22/07/2020 12:09:06 User Monoli Rotineque requested page /index
INFO: 22/07/2020 12:09:08 /contracts generated in: 2.2832608222961426
INFO: 22/07/2020 12:09:11 User Monoli Krusis requested page /index
INFO: 22/07/2020 12:09:11 /contracts generated in: 0.19829463958740234
INFO: 22/07/2020 12:09:14 User Monoli Rotineque requested page /index
INFO: 22/07/2020 12:09:15 /contracts generated in: 0.6866593360900879
INFO: 22/07/2020 12:15:34 Logging stats...
INFO: 22/07/2020 12:19:08 Logging stats...
INFO: 22/07/2020 12:20:03 Logging stats...
INFO: 22/07/2020 12:20:36 User Monoli Miner requested page /index
INFO: 22/07/2020 12:20:39 /contracts generated in: 3.4828617572784424
